<?xml version="1.0" encoding="UTF-8"?>
<testsuite name="no.sogn.gardentime.PlantRepositoryTest" tests="2" skipped="0" failures="0" errors="0" timestamp="2025-01-13T21:40:25" hostname="Jrn-Ares-MacBook-Pro-3.local" time="0.117">
  <properties/>
  <testcase name="should find plants by plant type()" classname="no.sogn.gardentime.PlantRepositoryTest" time="0.108"/>
  <testcase name="should save and retrieve a plant entity()" classname="no.sogn.gardentime.PlantRepositoryTest" time="0.009"/>
  <system-out><![CDATA[2025-01-13T22:40:25.102+01:00  INFO 28931 --- [GardenTime] [    Test worker] t.c.s.AnnotationConfigContextLoaderUtils : Could not detect default configuration classes for test class [no.sogn.gardentime.PlantRepositoryTest]: PlantRepositoryTest does not declare any static, non-private, non-final, nested classes annotated with @Configuration.
2025-01-13T22:40:25.109+01:00  INFO 28931 --- [GardenTime] [    Test worker] .b.t.c.SpringBootTestContextBootstrapper : Found @SpringBootConfiguration no.sogn.gardentime.GardenTimeApplication for test class no.sogn.gardentime.PlantRepositoryTest

  .   ____          _            __ _ _
 /\\ / ___'_ __ _ _(_)_ __  __ _ \ \ \ \
( ( )\___ | '_ | '_| | '_ \/ _` | \ \ \ \
 \\/  ___)| |_)| | | | | || (_| |  ) ) ) )
  '  |____| .__|_| |_|_| |_\__, | / / / /
 =========|_|==============|___/=/_/_/_/

 :: Spring Boot ::                (v3.4.1)

2025-01-13T22:40:25.124+01:00  INFO 28931 --- [GardenTime] [    Test worker] no.sogn.gardentime.PlantRepositoryTest   : Starting PlantRepositoryTest using Java 21.0.3 with PID 28931 (started by jaflaten in /Users/jaflaten/dev/solo/gardentime)
2025-01-13T22:40:25.124+01:00  INFO 28931 --- [GardenTime] [    Test worker] no.sogn.gardentime.PlantRepositoryTest   : No active profile set, falling back to 1 default profile: "default"
2025-01-13T22:40:25.171+01:00  INFO 28931 --- [GardenTime] [    Test worker] .s.d.r.c.RepositoryConfigurationDelegate : Bootstrapping Spring Data JPA repositories in DEFAULT mode.
2025-01-13T22:40:25.174+01:00  INFO 28931 --- [GardenTime] [    Test worker] .s.d.r.c.RepositoryConfigurationDelegate : Finished Spring Data repository scanning in 2 ms. Found 1 JPA repository interface.
2025-01-13T22:40:25.183+01:00  INFO 28931 --- [GardenTime] [    Test worker] beddedDataSourceBeanFactoryPostProcessor : Replacing 'dataSource' DataSource bean with embedded version
2025-01-13T22:40:25.198+01:00  INFO 28931 --- [GardenTime] [    Test worker] o.s.j.d.e.EmbeddedDatabaseFactory        : Starting embedded database: url='jdbc:h2:mem:624c3742-9b02-4cba-b390-d2a499e65b31;DB_CLOSE_DELAY=-1;DB_CLOSE_ON_EXIT=false', username='sa'
2025-01-13T22:40:25.207+01:00  INFO 28931 --- [GardenTime] [    Test worker] org.flywaydb.core.FlywayExecutor         : Database: jdbc:h2:mem:624c3742-9b02-4cba-b390-d2a499e65b31 (H2 2.3)
2025-01-13T22:40:25.208+01:00  WARN 28931 --- [GardenTime] [    Test worker] o.f.c.internal.database.base.Database    : Flyway upgrade recommended: H2 2.3.232 is newer than this version of Flyway and support has not been tested. The latest supported version of H2 is 2.2.224.
2025-01-13T22:40:25.209+01:00  INFO 28931 --- [GardenTime] [    Test worker] o.f.c.i.s.JdbcTableSchemaHistory         : Schema history table "PUBLIC"."flyway_schema_history" does not exist yet
2025-01-13T22:40:25.209+01:00  INFO 28931 --- [GardenTime] [    Test worker] o.f.core.internal.command.DbValidate     : Successfully validated 0 migrations (execution time 00:00.000s)
2025-01-13T22:40:25.209+01:00  WARN 28931 --- [GardenTime] [    Test worker] o.f.core.internal.command.DbValidate     : No migrations found. Are your locations set up correctly?
2025-01-13T22:40:25.210+01:00  INFO 28931 --- [GardenTime] [    Test worker] o.f.c.i.s.JdbcTableSchemaHistory         : Creating Schema History table "PUBLIC"."flyway_schema_history" ...
2025-01-13T22:40:25.213+01:00  INFO 28931 --- [GardenTime] [    Test worker] o.f.core.internal.command.DbMigrate      : Current version of schema "PUBLIC": << Empty Schema >>
2025-01-13T22:40:25.213+01:00  INFO 28931 --- [GardenTime] [    Test worker] o.f.core.internal.command.DbMigrate      : Schema "PUBLIC" is up to date. No migration necessary.
2025-01-13T22:40:25.218+01:00  INFO 28931 --- [GardenTime] [    Test worker] o.hibernate.jpa.internal.util.LogHelper  : HHH000204: Processing PersistenceUnitInfo [name: default]
2025-01-13T22:40:25.219+01:00  INFO 28931 --- [GardenTime] [    Test worker] o.h.c.internal.RegionFactoryInitiator    : HHH000026: Second-level cache disabled
2025-01-13T22:40:25.224+01:00  INFO 28931 --- [GardenTime] [    Test worker] o.s.o.j.p.SpringPersistenceUnitInfo      : No LoadTimeWeaver setup: ignoring JPA class transformer
2025-01-13T22:40:25.225+01:00  INFO 28931 --- [GardenTime] [    Test worker] org.hibernate.orm.connections.pooling    : HHH10001005: Database info:
	Database JDBC URL [Connecting through datasource 'org.springframework.jdbc.datasource.embedded.EmbeddedDatabaseFactory$EmbeddedDataSourceProxy@7db373b2']
	Database driver: undefined/unknown
	Database version: 2.3.232
	Autocommit mode: undefined/unknown
	Isolation level: undefined/unknown
	Minimum pool size: undefined/unknown
	Maximum pool size: undefined/unknown
2025-01-13T22:40:25.238+01:00  INFO 28931 --- [GardenTime] [    Test worker] o.h.e.t.j.p.i.JtaPlatformInitiator       : HHH000489: No JTA platform available (set 'hibernate.transaction.jta.platform' to enable JTA platform integration)
Hibernate: drop table if exists plant_entity cascade 
Hibernate: create table plant_entity (growing_season tinyint check (growing_season between 0 and 3), maturity_time integer not null, plant_type tinyint check (plant_type between 0 and 8), id bigint generated by default as identity, name varchar(255), plant_family varchar(255), scientific_name varchar(255), soil_type varchar(255), space_req varchar(255), sun_req varchar(255), water_req varchar(255), primary key (id))
2025-01-13T22:40:25.239+01:00  INFO 28931 --- [GardenTime] [    Test worker] j.LocalContainerEntityManagerFactoryBean : Initialized JPA EntityManagerFactory for persistence unit 'default'
2025-01-13T22:40:25.256+01:00  INFO 28931 --- [GardenTime] [    Test worker] no.sogn.gardentime.PlantRepositoryTest   : Started PlantRepositoryTest in 0.145 seconds (process running for 3.692)
Hibernate: insert into plant_entity (growing_season,maturity_time,name,plant_family,plant_type,scientific_name,soil_type,space_req,sun_req,water_req,id) values (?,?,?,?,?,?,?,?,?,?,default)
Hibernate: insert into plant_entity (growing_season,maturity_time,name,plant_family,plant_type,scientific_name,soil_type,space_req,sun_req,water_req,id) values (?,?,?,?,?,?,?,?,?,?,default)
Hibernate: insert into plant_entity (growing_season,maturity_time,name,plant_family,plant_type,scientific_name,soil_type,space_req,sun_req,water_req,id) values (?,?,?,?,?,?,?,?,?,?,default)
Hibernate: insert into plant_entity (growing_season,maturity_time,name,plant_family,plant_type,scientific_name,soil_type,space_req,sun_req,water_req,id) values (?,?,?,?,?,?,?,?,?,?,default)
Hibernate: insert into plant_entity (growing_season,maturity_time,name,plant_family,plant_type,scientific_name,soil_type,space_req,sun_req,water_req,id) values (?,?,?,?,?,?,?,?,?,?,default)
Hibernate: select pe1_0.id,pe1_0.growing_season,pe1_0.maturity_time,pe1_0.name,pe1_0.plant_family,pe1_0.plant_type,pe1_0.scientific_name,pe1_0.soil_type,pe1_0.space_req,pe1_0.sun_req,pe1_0.water_req from plant_entity pe1_0 where pe1_0.plant_type=?
Hibernate: insert into plant_entity (growing_season,maturity_time,name,plant_family,plant_type,scientific_name,soil_type,space_req,sun_req,water_req,id) values (?,?,?,?,?,?,?,?,?,?,default)
]]></system-out>
  <system-err><![CDATA[]]></system-err>
</testsuite>
